<?xml version="1.0" encoding="UTF-8"?>
<robot generator="Robot 3.1.2 (Python 3.8.2 on win32)" generated="20200408 02:38:49.117" rpa="false">
<suite id="s1" name="Index" source="D:\xampp\htdocs\robot\TestCases_cultural_playground_management\index.robot">
<test id="s1-t1" name="เข้าสู่ระบบ Profile">
<kw name="เปิดเว็บ Profile" library="keyword">
<kw name="Open Browser" library="Selenium2Library">
<doc>Opens a new browser instance to the optional ``url``.</doc>
<arguments>
<arg>${SERVER}</arg>
<arg>${ฺBROWSER}</arg>
</arguments>
<msg timestamp="20200408 02:38:49.736" level="INFO">Opening browser 'chrome' to base url 'http://localhost/cultural_playground_management/'.</msg>
<status status="PASS" starttime="20200408 02:38:49.735" endtime="20200408 02:38:57.573"></status>
</kw>
<kw name="Maximize Browser Window" library="Selenium2Library">
<doc>Maximizes current browser window.</doc>
<status status="PASS" starttime="20200408 02:38:57.573" endtime="20200408 02:39:01.705"></status>
</kw>
<kw name="Set Selenium Speed" library="Selenium2Library">
<doc>Sets the delay that is waited after each Selenium command.</doc>
<arguments>
<arg>0.5</arg>
</arguments>
<status status="PASS" starttime="20200408 02:39:01.706" endtime="20200408 02:39:01.706"></status>
</kw>
<status status="PASS" starttime="20200408 02:38:49.735" endtime="20200408 02:39:01.707"></status>
</kw>
<kw name="Close Browser" library="Selenium2Library" type="teardown">
<doc>Closes the current browser.</doc>
<status status="PASS" starttime="20200408 02:39:01.708" endtime="20200408 02:39:04.931"></status>
</kw>
<status status="PASS" starttime="20200408 02:38:49.733" endtime="20200408 02:39:04.932" critical="yes"></status>
</test>
<test id="s1-t2" name="กรอก email และ password ถูก">
<kw name="เปิดเว็บ Profile" library="keyword">
<kw name="Open Browser" library="Selenium2Library">
<doc>Opens a new browser instance to the optional ``url``.</doc>
<arguments>
<arg>${SERVER}</arg>
<arg>${ฺBROWSER}</arg>
</arguments>
<msg timestamp="20200408 02:39:04.942" level="INFO">Opening browser 'chrome' to base url 'http://localhost/cultural_playground_management/'.</msg>
<status status="PASS" starttime="20200408 02:39:04.941" endtime="20200408 02:39:13.508"></status>
</kw>
<kw name="Maximize Browser Window" library="Selenium2Library">
<doc>Maximizes current browser window.</doc>
<status status="PASS" starttime="20200408 02:39:13.508" endtime="20200408 02:39:18.141"></status>
</kw>
<kw name="Set Selenium Speed" library="Selenium2Library">
<doc>Sets the delay that is waited after each Selenium command.</doc>
<arguments>
<arg>0.5</arg>
</arguments>
<status status="PASS" starttime="20200408 02:39:18.141" endtime="20200408 02:39:18.142"></status>
</kw>
<status status="PASS" starttime="20200408 02:39:04.941" endtime="20200408 02:39:18.142"></status>
</kw>
<kw name="กรอก email และ password ถูก" library="keyword">
<kw name="Input Text" library="Selenium2Library">
<doc>Types the given ``text`` into the text field identified by ``locator``.</doc>
<arguments>
<arg>//*[@id="email"]</arg>
<arg>${EMAIL}</arg>
</arguments>
<msg timestamp="20200408 02:39:18.145" level="INFO">Typing text 'museum20@hotmail.com' into text field '//*[@id="email"]'.</msg>
<status status="PASS" starttime="20200408 02:39:18.144" endtime="20200408 02:39:19.838"></status>
</kw>
<kw name="Input Password" library="Selenium2Library">
<doc>Types the given password into the text field identified by ``locator``.</doc>
<arguments>
<arg>//*[@id="password"]</arg>
<arg>${PASSWORD}</arg>
</arguments>
<msg timestamp="20200408 02:39:19.838" level="INFO">Typing password into text field '//*[@id="password"]'.</msg>
<msg timestamp="20200408 02:39:20.986" level="INFO">Temporally setting log level to: NONE</msg>
<msg timestamp="20200408 02:39:21.565" level="INFO">Log level changed from NONE to INFO.</msg>
<status status="PASS" starttime="20200408 02:39:19.838" endtime="20200408 02:39:21.565"></status>
</kw>
<status status="PASS" starttime="20200408 02:39:18.143" endtime="20200408 02:39:21.565"></status>
</kw>
<kw name="คลิกปุ่มเข้าสู่ระบบ" library="keyword">
<kw name="Submit Form" library="Selenium2Library">
<doc>Submits a form identified by ``locator``.</doc>
<msg timestamp="20200408 02:39:21.567" level="INFO">Submitting form 'None'.</msg>
<status status="PASS" starttime="20200408 02:39:21.566" endtime="20200408 02:39:24.943"></status>
</kw>
<status status="PASS" starttime="20200408 02:39:21.566" endtime="20200408 02:39:24.944"></status>
</kw>
<kw name="Close Browser" library="Selenium2Library" type="teardown">
<doc>Closes the current browser.</doc>
<status status="PASS" starttime="20200408 02:39:24.945" endtime="20200408 02:39:27.514"></status>
</kw>
<status status="PASS" starttime="20200408 02:39:04.938" endtime="20200408 02:39:27.514" critical="yes"></status>
</test>
<test id="s1-t3" name="กรอก email ถูก password ผิด">
<kw name="เปิดเว็บ Profile" library="keyword">
<kw name="Open Browser" library="Selenium2Library">
<doc>Opens a new browser instance to the optional ``url``.</doc>
<arguments>
<arg>${SERVER}</arg>
<arg>${ฺBROWSER}</arg>
</arguments>
<msg timestamp="20200408 02:39:27.521" level="INFO">Opening browser 'chrome' to base url 'http://localhost/cultural_playground_management/'.</msg>
<status status="PASS" starttime="20200408 02:39:27.521" endtime="20200408 02:39:36.287"></status>
</kw>
<kw name="Maximize Browser Window" library="Selenium2Library">
<doc>Maximizes current browser window.</doc>
<status status="PASS" starttime="20200408 02:39:36.287" endtime="20200408 02:39:40.910"></status>
</kw>
<kw name="Set Selenium Speed" library="Selenium2Library">
<doc>Sets the delay that is waited after each Selenium command.</doc>
<arguments>
<arg>0.5</arg>
</arguments>
<status status="PASS" starttime="20200408 02:39:40.910" endtime="20200408 02:39:40.911"></status>
</kw>
<status status="PASS" starttime="20200408 02:39:27.520" endtime="20200408 02:39:40.911"></status>
</kw>
<kw name="กรอก email ถูก password ผิด" library="keyword">
<kw name="Input Text" library="Selenium2Library">
<doc>Types the given ``text`` into the text field identified by ``locator``.</doc>
<arguments>
<arg>//*[@id="email"]</arg>
<arg>${EMAIL}</arg>
</arguments>
<msg timestamp="20200408 02:39:40.914" level="INFO">Typing text 'museum20@hotmail.com' into text field '//*[@id="email"]'.</msg>
<status status="PASS" starttime="20200408 02:39:40.913" endtime="20200408 02:39:42.642"></status>
</kw>
<kw name="Input Password" library="Selenium2Library">
<doc>Types the given password into the text field identified by ``locator``.</doc>
<arguments>
<arg>//*[@id="password"]</arg>
<arg>${PASSWORD_FAIL}</arg>
</arguments>
<msg timestamp="20200408 02:39:42.642" level="INFO">Typing password into text field '//*[@id="password"]'.</msg>
<msg timestamp="20200408 02:39:43.708" level="INFO">Temporally setting log level to: NONE</msg>
<msg timestamp="20200408 02:39:44.269" level="INFO">Log level changed from NONE to INFO.</msg>
<status status="PASS" starttime="20200408 02:39:42.642" endtime="20200408 02:39:44.269"></status>
</kw>
<status status="PASS" starttime="20200408 02:39:40.912" endtime="20200408 02:39:44.269"></status>
</kw>
<kw name="คลิกปุ่มเข้าสู่ระบบ" library="keyword">
<kw name="Submit Form" library="Selenium2Library">
<doc>Submits a form identified by ``locator``.</doc>
<msg timestamp="20200408 02:39:44.271" level="INFO">Submitting form 'None'.</msg>
<status status="PASS" starttime="20200408 02:39:44.270" endtime="20200408 02:39:46.473"></status>
</kw>
<status status="PASS" starttime="20200408 02:39:44.270" endtime="20200408 02:39:46.473"></status>
</kw>
<kw name="Close Browser" library="Selenium2Library" type="teardown">
<doc>Closes the current browser.</doc>
<status status="PASS" starttime="20200408 02:39:46.474" endtime="20200408 02:39:49.044"></status>
</kw>
<status status="PASS" starttime="20200408 02:39:27.516" endtime="20200408 02:39:49.045" critical="yes"></status>
</test>
<test id="s1-t4" name="กรอก email ผิด password ถูก">
<kw name="เปิดเว็บ Profile" library="keyword">
<kw name="Open Browser" library="Selenium2Library">
<doc>Opens a new browser instance to the optional ``url``.</doc>
<arguments>
<arg>${SERVER}</arg>
<arg>${ฺBROWSER}</arg>
</arguments>
<msg timestamp="20200408 02:39:49.055" level="INFO">Opening browser 'chrome' to base url 'http://localhost/cultural_playground_management/'.</msg>
<status status="PASS" starttime="20200408 02:39:49.054" endtime="20200408 02:39:58.924"></status>
</kw>
<kw name="Maximize Browser Window" library="Selenium2Library">
<doc>Maximizes current browser window.</doc>
<status status="PASS" starttime="20200408 02:39:58.924" endtime="20200408 02:40:03.572"></status>
</kw>
<kw name="Set Selenium Speed" library="Selenium2Library">
<doc>Sets the delay that is waited after each Selenium command.</doc>
<arguments>
<arg>0.5</arg>
</arguments>
<status status="PASS" starttime="20200408 02:40:03.572" endtime="20200408 02:40:03.572"></status>
</kw>
<status status="PASS" starttime="20200408 02:39:49.054" endtime="20200408 02:40:03.573"></status>
</kw>
<kw name="กรอก email ผิด password ถูก" library="keyword">
<kw name="Input Text" library="Selenium2Library">
<doc>Types the given ``text`` into the text field identified by ``locator``.</doc>
<arguments>
<arg>//*[@id="email"]</arg>
<arg>${EMAIL_FAIL}</arg>
</arguments>
<msg timestamp="20200408 02:40:03.574" level="INFO">Typing text 'testFAIL@hotmail.com' into text field '//*[@id="email"]'.</msg>
<status status="PASS" starttime="20200408 02:40:03.574" endtime="20200408 02:40:05.317"></status>
</kw>
<kw name="Input Password" library="Selenium2Library">
<doc>Types the given password into the text field identified by ``locator``.</doc>
<arguments>
<arg>//*[@id="password"]</arg>
<arg>${PASSWORD}</arg>
</arguments>
<msg timestamp="20200408 02:40:05.318" level="INFO">Typing password into text field '//*[@id="password"]'.</msg>
<msg timestamp="20200408 02:40:06.410" level="INFO">Temporally setting log level to: NONE</msg>
<msg timestamp="20200408 02:40:07.003" level="INFO">Log level changed from NONE to INFO.</msg>
<status status="PASS" starttime="20200408 02:40:05.317" endtime="20200408 02:40:07.004"></status>
</kw>
<status status="PASS" starttime="20200408 02:40:03.573" endtime="20200408 02:40:07.004"></status>
</kw>
<kw name="คลิกปุ่มเข้าสู่ระบบ" library="keyword">
<kw name="Submit Form" library="Selenium2Library">
<doc>Submits a form identified by ``locator``.</doc>
<msg timestamp="20200408 02:40:07.006" level="INFO">Submitting form 'None'.</msg>
<status status="PASS" starttime="20200408 02:40:07.006" endtime="20200408 02:40:09.215"></status>
</kw>
<status status="PASS" starttime="20200408 02:40:07.006" endtime="20200408 02:40:09.215"></status>
</kw>
<kw name="Close Browser" library="Selenium2Library" type="teardown">
<doc>Closes the current browser.</doc>
<status status="PASS" starttime="20200408 02:40:09.216" endtime="20200408 02:40:11.860"></status>
</kw>
<status status="PASS" starttime="20200408 02:39:49.052" endtime="20200408 02:40:11.863" critical="yes"></status>
</test>
<test id="s1-t5" name="กรอก email ไม่กรอก password">
<kw name="เปิดเว็บ Profile" library="keyword">
<kw name="Open Browser" library="Selenium2Library">
<doc>Opens a new browser instance to the optional ``url``.</doc>
<arguments>
<arg>${SERVER}</arg>
<arg>${ฺBROWSER}</arg>
</arguments>
<msg timestamp="20200408 02:40:11.874" level="INFO">Opening browser 'chrome' to base url 'http://localhost/cultural_playground_management/'.</msg>
<status status="PASS" starttime="20200408 02:40:11.873" endtime="20200408 02:40:20.353"></status>
</kw>
<kw name="Maximize Browser Window" library="Selenium2Library">
<doc>Maximizes current browser window.</doc>
<status status="PASS" starttime="20200408 02:40:20.353" endtime="20200408 02:40:24.981"></status>
</kw>
<kw name="Set Selenium Speed" library="Selenium2Library">
<doc>Sets the delay that is waited after each Selenium command.</doc>
<arguments>
<arg>0.5</arg>
</arguments>
<status status="PASS" starttime="20200408 02:40:24.981" endtime="20200408 02:40:24.981"></status>
</kw>
<status status="PASS" starttime="20200408 02:40:11.872" endtime="20200408 02:40:24.982"></status>
</kw>
<kw name="กรอก email ไม่กรอก password" library="keyword">
<kw name="Input Text" library="Selenium2Library">
<doc>Types the given ``text`` into the text field identified by ``locator``.</doc>
<arguments>
<arg>//*[@id="email"]</arg>
<arg>${EMAIL_FAIL}</arg>
</arguments>
<msg timestamp="20200408 02:40:24.983" level="INFO">Typing text 'testFAIL@hotmail.com' into text field '//*[@id="email"]'.</msg>
<status status="PASS" starttime="20200408 02:40:24.983" endtime="20200408 02:40:26.638"></status>
</kw>
<status status="PASS" starttime="20200408 02:40:24.982" endtime="20200408 02:40:26.638"></status>
</kw>
<kw name="คลิกปุ่มเข้าสู่ระบบ" library="keyword">
<kw name="Submit Form" library="Selenium2Library">
<doc>Submits a form identified by ``locator``.</doc>
<msg timestamp="20200408 02:40:26.639" level="INFO">Submitting form 'None'.</msg>
<status status="PASS" starttime="20200408 02:40:26.639" endtime="20200408 02:40:28.846"></status>
</kw>
<status status="PASS" starttime="20200408 02:40:26.639" endtime="20200408 02:40:28.847"></status>
</kw>
<kw name="Close Browser" library="Selenium2Library" type="teardown">
<doc>Closes the current browser.</doc>
<status status="PASS" starttime="20200408 02:40:28.848" endtime="20200408 02:40:31.414"></status>
</kw>
<status status="PASS" starttime="20200408 02:40:11.868" endtime="20200408 02:40:31.416" critical="yes"></status>
</test>
<test id="s1-t6" name="ไม่กรอก email กรอก password">
<kw name="เปิดเว็บ Profile" library="keyword">
<kw name="Open Browser" library="Selenium2Library">
<doc>Opens a new browser instance to the optional ``url``.</doc>
<arguments>
<arg>${SERVER}</arg>
<arg>${ฺBROWSER}</arg>
</arguments>
<msg timestamp="20200408 02:40:31.423" level="INFO">Opening browser 'chrome' to base url 'http://localhost/cultural_playground_management/'.</msg>
<status status="PASS" starttime="20200408 02:40:31.422" endtime="20200408 02:40:39.731"></status>
</kw>
<kw name="Maximize Browser Window" library="Selenium2Library">
<doc>Maximizes current browser window.</doc>
<status status="PASS" starttime="20200408 02:40:39.732" endtime="20200408 02:40:44.360"></status>
</kw>
<kw name="Set Selenium Speed" library="Selenium2Library">
<doc>Sets the delay that is waited after each Selenium command.</doc>
<arguments>
<arg>0.5</arg>
</arguments>
<status status="PASS" starttime="20200408 02:40:44.360" endtime="20200408 02:40:44.360"></status>
</kw>
<status status="PASS" starttime="20200408 02:40:31.422" endtime="20200408 02:40:44.360"></status>
</kw>
<kw name="กรอก email ไม่กรอก password" library="keyword">
<kw name="Input Text" library="Selenium2Library">
<doc>Types the given ``text`` into the text field identified by ``locator``.</doc>
<arguments>
<arg>//*[@id="email"]</arg>
<arg>${EMAIL_FAIL}</arg>
</arguments>
<msg timestamp="20200408 02:40:44.362" level="INFO">Typing text 'testFAIL@hotmail.com' into text field '//*[@id="email"]'.</msg>
<status status="PASS" starttime="20200408 02:40:44.361" endtime="20200408 02:40:46.067"></status>
</kw>
<status status="PASS" starttime="20200408 02:40:44.361" endtime="20200408 02:40:46.068"></status>
</kw>
<kw name="คลิกปุ่มเข้าสู่ระบบ" library="keyword">
<kw name="Submit Form" library="Selenium2Library">
<doc>Submits a form identified by ``locator``.</doc>
<msg timestamp="20200408 02:40:46.070" level="INFO">Submitting form 'None'.</msg>
<status status="PASS" starttime="20200408 02:40:46.070" endtime="20200408 02:40:48.263"></status>
</kw>
<status status="PASS" starttime="20200408 02:40:46.069" endtime="20200408 02:40:48.263"></status>
</kw>
<kw name="Close Browser" library="Selenium2Library" type="teardown">
<doc>Closes the current browser.</doc>
<status status="PASS" starttime="20200408 02:40:48.264" endtime="20200408 02:40:50.832"></status>
</kw>
<status status="PASS" starttime="20200408 02:40:31.420" endtime="20200408 02:40:50.833" critical="yes"></status>
</test>
<test id="s1-t7" name="ไม่กรอก email และ password">
<kw name="เปิดเว็บ Profile" library="keyword">
<kw name="Open Browser" library="Selenium2Library">
<doc>Opens a new browser instance to the optional ``url``.</doc>
<arguments>
<arg>${SERVER}</arg>
<arg>${ฺBROWSER}</arg>
</arguments>
<msg timestamp="20200408 02:40:50.837" level="INFO">Opening browser 'chrome' to base url 'http://localhost/cultural_playground_management/'.</msg>
<status status="PASS" starttime="20200408 02:40:50.837" endtime="20200408 02:40:59.410"></status>
</kw>
<kw name="Maximize Browser Window" library="Selenium2Library">
<doc>Maximizes current browser window.</doc>
<status status="PASS" starttime="20200408 02:40:59.410" endtime="20200408 02:41:04.036"></status>
</kw>
<kw name="Set Selenium Speed" library="Selenium2Library">
<doc>Sets the delay that is waited after each Selenium command.</doc>
<arguments>
<arg>0.5</arg>
</arguments>
<status status="PASS" starttime="20200408 02:41:04.036" endtime="20200408 02:41:04.036"></status>
</kw>
<status status="PASS" starttime="20200408 02:40:50.837" endtime="20200408 02:41:04.036"></status>
</kw>
<kw name="คลิกปุ่มเข้าสู่ระบบ" library="keyword">
<kw name="Submit Form" library="Selenium2Library">
<doc>Submits a form identified by ``locator``.</doc>
<msg timestamp="20200408 02:41:04.038" level="INFO">Submitting form 'None'.</msg>
<status status="PASS" starttime="20200408 02:41:04.038" endtime="20200408 02:41:06.209"></status>
</kw>
<status status="PASS" starttime="20200408 02:41:04.037" endtime="20200408 02:41:06.209"></status>
</kw>
<kw name="Close Browser" library="Selenium2Library" type="teardown">
<doc>Closes the current browser.</doc>
<status status="PASS" starttime="20200408 02:41:06.210" endtime="20200408 02:41:08.769"></status>
</kw>
<status status="PASS" starttime="20200408 02:40:50.835" endtime="20200408 02:41:08.769" critical="yes"></status>
</test>
<test id="s1-t8" name="เพิ่มชุดข้อมูลสำเร็จ">
<kw name="เปิดเว็บ Profile" library="keyword">
<kw name="Open Browser" library="Selenium2Library">
<doc>Opens a new browser instance to the optional ``url``.</doc>
<arguments>
<arg>${SERVER}</arg>
<arg>${ฺBROWSER}</arg>
</arguments>
<msg timestamp="20200408 02:41:08.782" level="INFO">Opening browser 'chrome' to base url 'http://localhost/cultural_playground_management/'.</msg>
<status status="PASS" starttime="20200408 02:41:08.781" endtime="20200408 02:41:16.854"></status>
</kw>
<kw name="Maximize Browser Window" library="Selenium2Library">
<doc>Maximizes current browser window.</doc>
<status status="PASS" starttime="20200408 02:41:16.854" endtime="20200408 02:41:21.504"></status>
</kw>
<kw name="Set Selenium Speed" library="Selenium2Library">
<doc>Sets the delay that is waited after each Selenium command.</doc>
<arguments>
<arg>0.5</arg>
</arguments>
<status status="PASS" starttime="20200408 02:41:21.504" endtime="20200408 02:41:21.505"></status>
</kw>
<status status="PASS" starttime="20200408 02:41:08.779" endtime="20200408 02:41:21.505"></status>
</kw>
<kw name="กรอก email และ password ถูก" library="keyword">
<kw name="Input Text" library="Selenium2Library">
<doc>Types the given ``text`` into the text field identified by ``locator``.</doc>
<arguments>
<arg>//*[@id="email"]</arg>
<arg>${EMAIL}</arg>
</arguments>
<msg timestamp="20200408 02:41:21.507" level="INFO">Typing text 'museum20@hotmail.com' into text field '//*[@id="email"]'.</msg>
<status status="PASS" starttime="20200408 02:41:21.507" endtime="20200408 02:41:23.246"></status>
</kw>
<kw name="Input Password" library="Selenium2Library">
<doc>Types the given password into the text field identified by ``locator``.</doc>
<arguments>
<arg>//*[@id="password"]</arg>
<arg>${PASSWORD}</arg>
</arguments>
<msg timestamp="20200408 02:41:23.248" level="INFO">Typing password into text field '//*[@id="password"]'.</msg>
<msg timestamp="20200408 02:41:24.314" level="INFO">Temporally setting log level to: NONE</msg>
<msg timestamp="20200408 02:41:24.895" level="INFO">Log level changed from NONE to INFO.</msg>
<status status="PASS" starttime="20200408 02:41:23.247" endtime="20200408 02:41:24.895"></status>
</kw>
<status status="PASS" starttime="20200408 02:41:21.506" endtime="20200408 02:41:24.895"></status>
</kw>
<kw name="คลิกปุ่มเข้าสู่ระบบ" library="keyword">
<kw name="Submit Form" library="Selenium2Library">
<doc>Submits a form identified by ``locator``.</doc>
<msg timestamp="20200408 02:41:24.896" level="INFO">Submitting form 'None'.</msg>
<status status="PASS" starttime="20200408 02:41:24.896" endtime="20200408 02:41:28.166"></status>
</kw>
<status status="PASS" starttime="20200408 02:41:24.896" endtime="20200408 02:41:28.167"></status>
</kw>
<kw name="คลิกเมนูเพิ่มชุดข้อมูล" library="keyword">
<kw name="Click Element" library="Selenium2Library">
<doc>Click the element identified by ``locator``.</doc>
<arguments>
<arg>//*[@id="sidebar"]/ul/li[3]/a</arg>
</arguments>
<msg timestamp="20200408 02:41:28.170" level="INFO">Clicking element '//*[@id="sidebar"]/ul/li[3]/a'.</msg>
<status status="PASS" starttime="20200408 02:41:28.169" endtime="20200408 02:41:29.262"></status>
</kw>
<kw name="Click Element" library="Selenium2Library">
<doc>Click the element identified by ``locator``.</doc>
<arguments>
<arg>//*[@id="menu2"]/a</arg>
</arguments>
<msg timestamp="20200408 02:41:29.262" level="INFO">Clicking element '//*[@id="menu2"]/a'.</msg>
<status status="PASS" starttime="20200408 02:41:29.262" endtime="20200408 02:41:32.327"></status>
</kw>
<status status="PASS" starttime="20200408 02:41:28.168" endtime="20200408 02:41:32.327"></status>
</kw>
<kw name="เลือกเกม" library="keyword">
<kw name="Select From List By Label" library="Selenium2Library">
<doc>Selects options from selection list ``locator`` by ``labels``.</doc>
<arguments>
<arg>//*[@id="games"]</arg>
<arg>${SELECT_GAME}</arg>
</arguments>
<msg timestamp="20200408 02:41:32.329" level="INFO">Selecting options from selection list '//*[@id="games"]' by label Matching Game.</msg>
<status status="PASS" starttime="20200408 02:41:32.328" endtime="20200408 02:41:36.434"></status>
</kw>
<status status="PASS" starttime="20200408 02:41:32.328" endtime="20200408 02:41:36.434"></status>
</kw>
<kw name="เพิ่มชุดข้อมูล 8 ข้อมูล" library="keyword">
<kw name="${INDEX} IN RANGE [ 1 | 9 ]" type="for">
<kw name="${INDEX} = 1" type="foritem">
<kw name="Click Element" library="Selenium2Library">
<doc>Click the element identified by ``locator``.</doc>
<arguments>
<arg>xpath=(//input[@type='checkbox'])[${INDEX}]</arg>
</arguments>
<msg timestamp="20200408 02:41:36.437" level="INFO">Clicking element 'xpath=(//input[@type='checkbox'])[1]'.</msg>
<status status="PASS" starttime="20200408 02:41:36.436" endtime="20200408 02:41:37.534"></status>
</kw>
<status status="PASS" starttime="20200408 02:41:36.436" endtime="20200408 02:41:37.534"></status>
</kw>
<kw name="${INDEX} = 2" type="foritem">
<kw name="Click Element" library="Selenium2Library">
<doc>Click the element identified by ``locator``.</doc>
<arguments>
<arg>xpath=(//input[@type='checkbox'])[${INDEX}]</arg>
</arguments>
<msg timestamp="20200408 02:41:37.535" level="INFO">Clicking element 'xpath=(//input[@type='checkbox'])[2]'.</msg>
<status status="PASS" starttime="20200408 02:41:37.535" endtime="20200408 02:41:38.618"></status>
</kw>
<status status="PASS" starttime="20200408 02:41:37.534" endtime="20200408 02:41:38.619"></status>
</kw>
<kw name="${INDEX} = 3" type="foritem">
<kw name="Click Element" library="Selenium2Library">
<doc>Click the element identified by ``locator``.</doc>
<arguments>
<arg>xpath=(//input[@type='checkbox'])[${INDEX}]</arg>
</arguments>
<msg timestamp="20200408 02:41:38.621" level="INFO">Clicking element 'xpath=(//input[@type='checkbox'])[3]'.</msg>
<status status="PASS" starttime="20200408 02:41:38.620" endtime="20200408 02:41:39.708"></status>
</kw>
<status status="PASS" starttime="20200408 02:41:38.619" endtime="20200408 02:41:39.708"></status>
</kw>
<kw name="${INDEX} = 4" type="foritem">
<kw name="Click Element" library="Selenium2Library">
<doc>Click the element identified by ``locator``.</doc>
<arguments>
<arg>xpath=(//input[@type='checkbox'])[${INDEX}]</arg>
</arguments>
<msg timestamp="20200408 02:41:39.709" level="INFO">Clicking element 'xpath=(//input[@type='checkbox'])[4]'.</msg>
<status status="PASS" starttime="20200408 02:41:39.708" endtime="20200408 02:41:40.792"></status>
</kw>
<status status="PASS" starttime="20200408 02:41:39.708" endtime="20200408 02:41:40.792"></status>
</kw>
<kw name="${INDEX} = 5" type="foritem">
<kw name="Click Element" library="Selenium2Library">
<doc>Click the element identified by ``locator``.</doc>
<arguments>
<arg>xpath=(//input[@type='checkbox'])[${INDEX}]</arg>
</arguments>
<msg timestamp="20200408 02:41:40.792" level="INFO">Clicking element 'xpath=(//input[@type='checkbox'])[5]'.</msg>
<status status="PASS" starttime="20200408 02:41:40.792" endtime="20200408 02:41:41.878"></status>
</kw>
<status status="PASS" starttime="20200408 02:41:40.792" endtime="20200408 02:41:41.878"></status>
</kw>
<kw name="${INDEX} = 6" type="foritem">
<kw name="Click Element" library="Selenium2Library">
<doc>Click the element identified by ``locator``.</doc>
<arguments>
<arg>xpath=(//input[@type='checkbox'])[${INDEX}]</arg>
</arguments>
<msg timestamp="20200408 02:41:41.879" level="INFO">Clicking element 'xpath=(//input[@type='checkbox'])[6]'.</msg>
<status status="PASS" starttime="20200408 02:41:41.878" endtime="20200408 02:41:42.969"></status>
</kw>
<status status="PASS" starttime="20200408 02:41:41.878" endtime="20200408 02:41:42.969"></status>
</kw>
<kw name="${INDEX} = 7" type="foritem">
<kw name="Click Element" library="Selenium2Library">
<doc>Click the element identified by ``locator``.</doc>
<arguments>
<arg>xpath=(//input[@type='checkbox'])[${INDEX}]</arg>
</arguments>
<msg timestamp="20200408 02:41:42.970" level="INFO">Clicking element 'xpath=(//input[@type='checkbox'])[7]'.</msg>
<status status="PASS" starttime="20200408 02:41:42.970" endtime="20200408 02:41:44.076"></status>
</kw>
<status status="PASS" starttime="20200408 02:41:42.969" endtime="20200408 02:41:44.076"></status>
</kw>
<kw name="${INDEX} = 8" type="foritem">
<kw name="Click Element" library="Selenium2Library">
<doc>Click the element identified by ``locator``.</doc>
<arguments>
<arg>xpath=(//input[@type='checkbox'])[${INDEX}]</arg>
</arguments>
<msg timestamp="20200408 02:41:44.078" level="INFO">Clicking element 'xpath=(//input[@type='checkbox'])[8]'.</msg>
<status status="PASS" starttime="20200408 02:41:44.077" endtime="20200408 02:41:45.163"></status>
</kw>
<status status="PASS" starttime="20200408 02:41:44.076" endtime="20200408 02:41:45.163"></status>
</kw>
<status status="PASS" starttime="20200408 02:41:36.435" endtime="20200408 02:41:45.163"></status>
</kw>
<status status="PASS" starttime="20200408 02:41:36.435" endtime="20200408 02:41:45.163"></status>
</kw>
<kw name="คลิกปุ่มบันทึก" library="keyword">
<kw name="Click Button" library="Selenium2Library">
<doc>Clicks the button identified by ``locator``.</doc>
<arguments>
<arg>//*[@id="submit_add"]</arg>
</arguments>
<msg timestamp="20200408 02:41:45.164" level="INFO">Clicking button '//*[@id="submit_add"]'.</msg>
<status status="PASS" starttime="20200408 02:41:45.164" endtime="20200408 02:41:48.046"></status>
</kw>
<status status="PASS" starttime="20200408 02:41:45.164" endtime="20200408 02:41:48.046"></status>
</kw>
<kw name="Close Browser" library="Selenium2Library" type="teardown">
<doc>Closes the current browser.</doc>
<status status="PASS" starttime="20200408 02:41:48.046" endtime="20200408 02:41:50.658"></status>
</kw>
<status status="PASS" starttime="20200408 02:41:08.774" endtime="20200408 02:41:50.659" critical="yes"></status>
</test>
<test id="s1-t9" name="เพิ่มชุดข้อมูลไม่สำเร็จกรณีเลือกข้อมูลไม่ครบ 8 ข้อมูล">
<kw name="เปิดเว็บ Profile" library="keyword">
<kw name="Open Browser" library="Selenium2Library">
<doc>Opens a new browser instance to the optional ``url``.</doc>
<arguments>
<arg>${SERVER}</arg>
<arg>${ฺBROWSER}</arg>
</arguments>
<msg timestamp="20200408 02:41:50.673" level="INFO">Opening browser 'chrome' to base url 'http://localhost/cultural_playground_management/'.</msg>
<status status="PASS" starttime="20200408 02:41:50.672" endtime="20200408 02:41:58.746"></status>
</kw>
<kw name="Maximize Browser Window" library="Selenium2Library">
<doc>Maximizes current browser window.</doc>
<status status="PASS" starttime="20200408 02:41:58.746" endtime="20200408 02:42:03.367"></status>
</kw>
<kw name="Set Selenium Speed" library="Selenium2Library">
<doc>Sets the delay that is waited after each Selenium command.</doc>
<arguments>
<arg>0.5</arg>
</arguments>
<status status="PASS" starttime="20200408 02:42:03.367" endtime="20200408 02:42:03.368"></status>
</kw>
<status status="PASS" starttime="20200408 02:41:50.672" endtime="20200408 02:42:03.368"></status>
</kw>
<kw name="กรอก email และ password ถูก" library="keyword">
<kw name="Input Text" library="Selenium2Library">
<doc>Types the given ``text`` into the text field identified by ``locator``.</doc>
<arguments>
<arg>//*[@id="email"]</arg>
<arg>${EMAIL}</arg>
</arguments>
<msg timestamp="20200408 02:42:03.369" level="INFO">Typing text 'museum20@hotmail.com' into text field '//*[@id="email"]'.</msg>
<status status="PASS" starttime="20200408 02:42:03.369" endtime="20200408 02:42:05.045"></status>
</kw>
<kw name="Input Password" library="Selenium2Library">
<doc>Types the given password into the text field identified by ``locator``.</doc>
<arguments>
<arg>//*[@id="password"]</arg>
<arg>${PASSWORD}</arg>
</arguments>
<msg timestamp="20200408 02:42:05.045" level="INFO">Typing password into text field '//*[@id="password"]'.</msg>
<msg timestamp="20200408 02:42:06.098" level="INFO">Temporally setting log level to: NONE</msg>
<msg timestamp="20200408 02:42:06.670" level="INFO">Log level changed from NONE to INFO.</msg>
<status status="PASS" starttime="20200408 02:42:05.045" endtime="20200408 02:42:06.670"></status>
</kw>
<status status="PASS" starttime="20200408 02:42:03.369" endtime="20200408 02:42:06.670"></status>
</kw>
<kw name="คลิกปุ่มเข้าสู่ระบบ" library="keyword">
<kw name="Submit Form" library="Selenium2Library">
<doc>Submits a form identified by ``locator``.</doc>
<msg timestamp="20200408 02:42:06.671" level="INFO">Submitting form 'None'.</msg>
<status status="PASS" starttime="20200408 02:42:06.671" endtime="20200408 02:42:09.847"></status>
</kw>
<status status="PASS" starttime="20200408 02:42:06.671" endtime="20200408 02:42:09.847"></status>
</kw>
<kw name="คลิกเมนูเพิ่มชุดข้อมูล" library="keyword">
<kw name="Click Element" library="Selenium2Library">
<doc>Click the element identified by ``locator``.</doc>
<arguments>
<arg>//*[@id="sidebar"]/ul/li[3]/a</arg>
</arguments>
<msg timestamp="20200408 02:42:09.849" level="INFO">Clicking element '//*[@id="sidebar"]/ul/li[3]/a'.</msg>
<status status="PASS" starttime="20200408 02:42:09.849" endtime="20200408 02:42:10.941"></status>
</kw>
<kw name="Click Element" library="Selenium2Library">
<doc>Click the element identified by ``locator``.</doc>
<arguments>
<arg>//*[@id="menu2"]/a</arg>
</arguments>
<msg timestamp="20200408 02:42:10.941" level="INFO">Clicking element '//*[@id="menu2"]/a'.</msg>
<status status="PASS" starttime="20200408 02:42:10.941" endtime="20200408 02:42:13.364"></status>
</kw>
<status status="PASS" starttime="20200408 02:42:09.848" endtime="20200408 02:42:13.364"></status>
</kw>
<kw name="เลือกเกม" library="keyword">
<kw name="Select From List By Label" library="Selenium2Library">
<doc>Selects options from selection list ``locator`` by ``labels``.</doc>
<arguments>
<arg>//*[@id="games"]</arg>
<arg>${SELECT_GAME}</arg>
</arguments>
<msg timestamp="20200408 02:42:13.365" level="INFO">Selecting options from selection list '//*[@id="games"]' by label Matching Game.</msg>
<status status="PASS" starttime="20200408 02:42:13.365" endtime="20200408 02:42:17.236"></status>
</kw>
<status status="PASS" starttime="20200408 02:42:13.365" endtime="20200408 02:42:17.236"></status>
</kw>
<kw name="เพิ่มชุดข้อมูลน้อยกว่า 8 ข้อมูล" library="keyword">
<kw name="${INDEX} IN RANGE [ 1 | 6 ]" type="for">
<kw name="${INDEX} = 1" type="foritem">
<kw name="Click Element" library="Selenium2Library">
<doc>Click the element identified by ``locator``.</doc>
<arguments>
<arg>xpath=(//input[@type='checkbox'])[${INDEX}]</arg>
</arguments>
<msg timestamp="20200408 02:42:17.239" level="INFO">Clicking element 'xpath=(//input[@type='checkbox'])[1]'.</msg>
<status status="PASS" starttime="20200408 02:42:17.238" endtime="20200408 02:42:18.340"></status>
</kw>
<status status="PASS" starttime="20200408 02:42:17.237" endtime="20200408 02:42:18.340"></status>
</kw>
<kw name="${INDEX} = 2" type="foritem">
<kw name="Click Element" library="Selenium2Library">
<doc>Click the element identified by ``locator``.</doc>
<arguments>
<arg>xpath=(//input[@type='checkbox'])[${INDEX}]</arg>
</arguments>
<msg timestamp="20200408 02:42:18.342" level="INFO">Clicking element 'xpath=(//input[@type='checkbox'])[2]'.</msg>
<status status="PASS" starttime="20200408 02:42:18.341" endtime="20200408 02:42:19.460"></status>
</kw>
<status status="PASS" starttime="20200408 02:42:18.340" endtime="20200408 02:42:19.460"></status>
</kw>
<kw name="${INDEX} = 3" type="foritem">
<kw name="Click Element" library="Selenium2Library">
<doc>Click the element identified by ``locator``.</doc>
<arguments>
<arg>xpath=(//input[@type='checkbox'])[${INDEX}]</arg>
</arguments>
<msg timestamp="20200408 02:42:19.460" level="INFO">Clicking element 'xpath=(//input[@type='checkbox'])[3]'.</msg>
<status status="PASS" starttime="20200408 02:42:19.460" endtime="20200408 02:42:20.536"></status>
</kw>
<status status="PASS" starttime="20200408 02:42:19.460" endtime="20200408 02:42:20.536"></status>
</kw>
<kw name="${INDEX} = 4" type="foritem">
<kw name="Click Element" library="Selenium2Library">
<doc>Click the element identified by ``locator``.</doc>
<arguments>
<arg>xpath=(//input[@type='checkbox'])[${INDEX}]</arg>
</arguments>
<msg timestamp="20200408 02:42:20.536" level="INFO">Clicking element 'xpath=(//input[@type='checkbox'])[4]'.</msg>
<status status="PASS" starttime="20200408 02:42:20.536" endtime="20200408 02:42:21.644"></status>
</kw>
<status status="PASS" starttime="20200408 02:42:20.536" endtime="20200408 02:42:21.644"></status>
</kw>
<kw name="${INDEX} = 5" type="foritem">
<kw name="Click Element" library="Selenium2Library">
<doc>Click the element identified by ``locator``.</doc>
<arguments>
<arg>xpath=(//input[@type='checkbox'])[${INDEX}]</arg>
</arguments>
<msg timestamp="20200408 02:42:21.645" level="INFO">Clicking element 'xpath=(//input[@type='checkbox'])[5]'.</msg>
<status status="PASS" starttime="20200408 02:42:21.644" endtime="20200408 02:42:22.726"></status>
</kw>
<status status="PASS" starttime="20200408 02:42:21.644" endtime="20200408 02:42:22.726"></status>
</kw>
<status status="PASS" starttime="20200408 02:42:17.237" endtime="20200408 02:42:22.726"></status>
</kw>
<status status="PASS" starttime="20200408 02:42:17.237" endtime="20200408 02:42:22.726"></status>
</kw>
<kw name="คลิกปุ่มบันทึก" library="keyword">
<kw name="Click Button" library="Selenium2Library">
<doc>Clicks the button identified by ``locator``.</doc>
<arguments>
<arg>//*[@id="submit_add"]</arg>
</arguments>
<msg timestamp="20200408 02:42:22.727" level="INFO">Clicking button '//*[@id="submit_add"]'.</msg>
<status status="PASS" starttime="20200408 02:42:22.727" endtime="20200408 02:42:25.762"></status>
</kw>
<status status="PASS" starttime="20200408 02:42:22.727" endtime="20200408 02:42:25.762"></status>
</kw>
<kw name="Close Browser" library="Selenium2Library" type="teardown">
<doc>Closes the current browser.</doc>
<status status="PASS" starttime="20200408 02:42:25.763" endtime="20200408 02:42:28.383"></status>
</kw>
<status status="PASS" starttime="20200408 02:41:50.664" endtime="20200408 02:42:28.384" critical="yes"></status>
</test>
<test id="s1-t10" name="เพิ่มชุดข้อมูลไม่สำเร็จกรณีเลือกข้อมูลมากกว่า 8 ข้อมูล">
<kw name="เปิดเว็บ Profile" library="keyword">
<kw name="Open Browser" library="Selenium2Library">
<doc>Opens a new browser instance to the optional ``url``.</doc>
<arguments>
<arg>${SERVER}</arg>
<arg>${ฺBROWSER}</arg>
</arguments>
<msg timestamp="20200408 02:42:28.392" level="INFO">Opening browser 'chrome' to base url 'http://localhost/cultural_playground_management/'.</msg>
<status status="PASS" starttime="20200408 02:42:28.392" endtime="20200408 02:42:36.657"></status>
</kw>
<kw name="Maximize Browser Window" library="Selenium2Library">
<doc>Maximizes current browser window.</doc>
<status status="PASS" starttime="20200408 02:42:36.657" endtime="20200408 02:42:41.278"></status>
</kw>
<kw name="Set Selenium Speed" library="Selenium2Library">
<doc>Sets the delay that is waited after each Selenium command.</doc>
<arguments>
<arg>0.5</arg>
</arguments>
<status status="PASS" starttime="20200408 02:42:41.278" endtime="20200408 02:42:41.280"></status>
</kw>
<status status="PASS" starttime="20200408 02:42:28.392" endtime="20200408 02:42:41.281"></status>
</kw>
<kw name="กรอก email และ password ถูก" library="keyword">
<kw name="Input Text" library="Selenium2Library">
<doc>Types the given ``text`` into the text field identified by ``locator``.</doc>
<arguments>
<arg>//*[@id="email"]</arg>
<arg>${EMAIL}</arg>
</arguments>
<msg timestamp="20200408 02:42:41.283" level="INFO">Typing text 'museum20@hotmail.com' into text field '//*[@id="email"]'.</msg>
<status status="PASS" starttime="20200408 02:42:41.282" endtime="20200408 02:42:43.018"></status>
</kw>
<kw name="Input Password" library="Selenium2Library">
<doc>Types the given password into the text field identified by ``locator``.</doc>
<arguments>
<arg>//*[@id="password"]</arg>
<arg>${PASSWORD}</arg>
</arguments>
<msg timestamp="20200408 02:42:43.018" level="INFO">Typing password into text field '//*[@id="password"]'.</msg>
<msg timestamp="20200408 02:42:44.085" level="INFO">Temporally setting log level to: NONE</msg>
<msg timestamp="20200408 02:42:44.695" level="INFO">Log level changed from NONE to INFO.</msg>
<status status="PASS" starttime="20200408 02:42:43.018" endtime="20200408 02:42:44.695"></status>
</kw>
<status status="PASS" starttime="20200408 02:42:41.282" endtime="20200408 02:42:44.695"></status>
</kw>
<kw name="คลิกปุ่มเข้าสู่ระบบ" library="keyword">
<kw name="Submit Form" library="Selenium2Library">
<doc>Submits a form identified by ``locator``.</doc>
<msg timestamp="20200408 02:42:44.697" level="INFO">Submitting form 'None'.</msg>
<status status="PASS" starttime="20200408 02:42:44.696" endtime="20200408 02:42:47.927"></status>
</kw>
<status status="PASS" starttime="20200408 02:42:44.696" endtime="20200408 02:42:47.928"></status>
</kw>
<kw name="คลิกเมนูเพิ่มชุดข้อมูล" library="keyword">
<kw name="Click Element" library="Selenium2Library">
<doc>Click the element identified by ``locator``.</doc>
<arguments>
<arg>//*[@id="sidebar"]/ul/li[3]/a</arg>
</arguments>
<msg timestamp="20200408 02:42:47.931" level="INFO">Clicking element '//*[@id="sidebar"]/ul/li[3]/a'.</msg>
<status status="PASS" starttime="20200408 02:42:47.930" endtime="20200408 02:42:49.014"></status>
</kw>
<kw name="Click Element" library="Selenium2Library">
<doc>Click the element identified by ``locator``.</doc>
<arguments>
<arg>//*[@id="menu2"]/a</arg>
</arguments>
<msg timestamp="20200408 02:42:49.014" level="INFO">Clicking element '//*[@id="menu2"]/a'.</msg>
<status status="PASS" starttime="20200408 02:42:49.014" endtime="20200408 02:42:50.966"></status>
</kw>
<status status="PASS" starttime="20200408 02:42:47.929" endtime="20200408 02:42:50.966"></status>
</kw>
<kw name="เลือกเกม" library="keyword">
<kw name="Select From List By Label" library="Selenium2Library">
<doc>Selects options from selection list ``locator`` by ``labels``.</doc>
<arguments>
<arg>//*[@id="games"]</arg>
<arg>${SELECT_GAME}</arg>
</arguments>
<msg timestamp="20200408 02:42:50.968" level="INFO">Selecting options from selection list '//*[@id="games"]' by label Matching Game.</msg>
<status status="PASS" starttime="20200408 02:42:50.968" endtime="20200408 02:42:54.958"></status>
</kw>
<status status="PASS" starttime="20200408 02:42:50.967" endtime="20200408 02:42:54.958"></status>
</kw>
<kw name="เพิ่มชุดข้อมูลมากกว่า 8 ข้อมูล" library="keyword">
<kw name="${INDEX} IN RANGE [ 1 | 11 ]" type="for">
<kw name="${INDEX} = 1" type="foritem">
<kw name="Click Element" library="Selenium2Library">
<doc>Click the element identified by ``locator``.</doc>
<arguments>
<arg>xpath=(//input[@type='checkbox'])[${INDEX}]</arg>
</arguments>
<msg timestamp="20200408 02:42:54.963" level="INFO">Clicking element 'xpath=(//input[@type='checkbox'])[1]'.</msg>
<status status="PASS" starttime="20200408 02:42:54.962" endtime="20200408 02:42:56.094"></status>
</kw>
<status status="PASS" starttime="20200408 02:42:54.961" endtime="20200408 02:42:56.094"></status>
</kw>
<kw name="${INDEX} = 2" type="foritem">
<kw name="Click Element" library="Selenium2Library">
<doc>Click the element identified by ``locator``.</doc>
<arguments>
<arg>xpath=(//input[@type='checkbox'])[${INDEX}]</arg>
</arguments>
<msg timestamp="20200408 02:42:56.095" level="INFO">Clicking element 'xpath=(//input[@type='checkbox'])[2]'.</msg>
<status status="PASS" starttime="20200408 02:42:56.094" endtime="20200408 02:42:57.190"></status>
</kw>
<status status="PASS" starttime="20200408 02:42:56.094" endtime="20200408 02:42:57.190"></status>
</kw>
<kw name="${INDEX} = 3" type="foritem">
<kw name="Click Element" library="Selenium2Library">
<doc>Click the element identified by ``locator``.</doc>
<arguments>
<arg>xpath=(//input[@type='checkbox'])[${INDEX}]</arg>
</arguments>
<msg timestamp="20200408 02:42:57.192" level="INFO">Clicking element 'xpath=(//input[@type='checkbox'])[3]'.</msg>
<status status="PASS" starttime="20200408 02:42:57.191" endtime="20200408 02:42:58.283"></status>
</kw>
<status status="PASS" starttime="20200408 02:42:57.190" endtime="20200408 02:42:58.283"></status>
</kw>
<kw name="${INDEX} = 4" type="foritem">
<kw name="Click Element" library="Selenium2Library">
<doc>Click the element identified by ``locator``.</doc>
<arguments>
<arg>xpath=(//input[@type='checkbox'])[${INDEX}]</arg>
</arguments>
<msg timestamp="20200408 02:42:58.283" level="INFO">Clicking element 'xpath=(//input[@type='checkbox'])[4]'.</msg>
<status status="PASS" starttime="20200408 02:42:58.283" endtime="20200408 02:42:59.360"></status>
</kw>
<status status="PASS" starttime="20200408 02:42:58.283" endtime="20200408 02:42:59.360"></status>
</kw>
<kw name="${INDEX} = 5" type="foritem">
<kw name="Click Element" library="Selenium2Library">
<doc>Click the element identified by ``locator``.</doc>
<arguments>
<arg>xpath=(//input[@type='checkbox'])[${INDEX}]</arg>
</arguments>
<msg timestamp="20200408 02:42:59.362" level="INFO">Clicking element 'xpath=(//input[@type='checkbox'])[5]'.</msg>
<status status="PASS" starttime="20200408 02:42:59.361" endtime="20200408 02:43:00.486"></status>
</kw>
<status status="PASS" starttime="20200408 02:42:59.360" endtime="20200408 02:43:00.486"></status>
</kw>
<kw name="${INDEX} = 6" type="foritem">
<kw name="Click Element" library="Selenium2Library">
<doc>Click the element identified by ``locator``.</doc>
<arguments>
<arg>xpath=(//input[@type='checkbox'])[${INDEX}]</arg>
</arguments>
<msg timestamp="20200408 02:43:00.487" level="INFO">Clicking element 'xpath=(//input[@type='checkbox'])[6]'.</msg>
<status status="PASS" starttime="20200408 02:43:00.486" endtime="20200408 02:43:01.557"></status>
</kw>
<status status="PASS" starttime="20200408 02:43:00.486" endtime="20200408 02:43:01.557"></status>
</kw>
<kw name="${INDEX} = 7" type="foritem">
<kw name="Click Element" library="Selenium2Library">
<doc>Click the element identified by ``locator``.</doc>
<arguments>
<arg>xpath=(//input[@type='checkbox'])[${INDEX}]</arg>
</arguments>
<msg timestamp="20200408 02:43:01.558" level="INFO">Clicking element 'xpath=(//input[@type='checkbox'])[7]'.</msg>
<status status="PASS" starttime="20200408 02:43:01.557" endtime="20200408 02:43:02.634"></status>
</kw>
<status status="PASS" starttime="20200408 02:43:01.557" endtime="20200408 02:43:02.634"></status>
</kw>
<kw name="${INDEX} = 8" type="foritem">
<kw name="Click Element" library="Selenium2Library">
<doc>Click the element identified by ``locator``.</doc>
<arguments>
<arg>xpath=(//input[@type='checkbox'])[${INDEX}]</arg>
</arguments>
<msg timestamp="20200408 02:43:02.636" level="INFO">Clicking element 'xpath=(//input[@type='checkbox'])[8]'.</msg>
<status status="PASS" starttime="20200408 02:43:02.635" endtime="20200408 02:43:03.716"></status>
</kw>
<status status="PASS" starttime="20200408 02:43:02.634" endtime="20200408 02:43:03.716"></status>
</kw>
<kw name="${INDEX} = 9" type="foritem">
<kw name="Click Element" library="Selenium2Library">
<doc>Click the element identified by ``locator``.</doc>
<arguments>
<arg>xpath=(//input[@type='checkbox'])[${INDEX}]</arg>
</arguments>
<msg timestamp="20200408 02:43:03.717" level="INFO">Clicking element 'xpath=(//input[@type='checkbox'])[9]'.</msg>
<status status="PASS" starttime="20200408 02:43:03.716" endtime="20200408 02:43:04.800"></status>
</kw>
<status status="PASS" starttime="20200408 02:43:03.716" endtime="20200408 02:43:04.800"></status>
</kw>
<kw name="${INDEX} = 10" type="foritem">
<kw name="Click Element" library="Selenium2Library">
<doc>Click the element identified by ``locator``.</doc>
<arguments>
<arg>xpath=(//input[@type='checkbox'])[${INDEX}]</arg>
</arguments>
<msg timestamp="20200408 02:43:04.800" level="INFO">Clicking element 'xpath=(//input[@type='checkbox'])[10]'.</msg>
<status status="PASS" starttime="20200408 02:43:04.800" endtime="20200408 02:43:05.902"></status>
</kw>
<status status="PASS" starttime="20200408 02:43:04.800" endtime="20200408 02:43:05.902"></status>
</kw>
<status status="PASS" starttime="20200408 02:42:54.961" endtime="20200408 02:43:05.902"></status>
</kw>
<status status="PASS" starttime="20200408 02:42:54.960" endtime="20200408 02:43:05.902"></status>
</kw>
<kw name="คลิกปุ่มบันทึก" library="keyword">
<kw name="Click Button" library="Selenium2Library">
<doc>Clicks the button identified by ``locator``.</doc>
<arguments>
<arg>//*[@id="submit_add"]</arg>
</arguments>
<msg timestamp="20200408 02:43:05.906" level="INFO">Clicking button '//*[@id="submit_add"]'.</msg>
<status status="PASS" starttime="20200408 02:43:05.906" endtime="20200408 02:43:08.870"></status>
</kw>
<status status="PASS" starttime="20200408 02:43:05.905" endtime="20200408 02:43:08.870"></status>
</kw>
<kw name="Close Browser" library="Selenium2Library" type="teardown">
<doc>Closes the current browser.</doc>
<status status="PASS" starttime="20200408 02:43:08.871" endtime="20200408 02:43:11.475"></status>
</kw>
<status status="PASS" starttime="20200408 02:42:28.386" endtime="20200408 02:43:11.476" critical="yes"></status>
</test>
<test id="s1-t11" name="เพิ่มชุดข้อมูลไม่สำเร็จกรณีไม่ได้เลือกเกม">
<kw name="เปิดเว็บ Profile" library="keyword">
<kw name="Open Browser" library="Selenium2Library">
<doc>Opens a new browser instance to the optional ``url``.</doc>
<arguments>
<arg>${SERVER}</arg>
<arg>${ฺBROWSER}</arg>
</arguments>
<msg timestamp="20200408 02:43:11.495" level="INFO">Opening browser 'chrome' to base url 'http://localhost/cultural_playground_management/'.</msg>
<status status="PASS" starttime="20200408 02:43:11.494" endtime="20200408 02:43:20.357"></status>
</kw>
<kw name="Maximize Browser Window" library="Selenium2Library">
<doc>Maximizes current browser window.</doc>
<status status="PASS" starttime="20200408 02:43:20.357" endtime="20200408 02:43:24.981"></status>
</kw>
<kw name="Set Selenium Speed" library="Selenium2Library">
<doc>Sets the delay that is waited after each Selenium command.</doc>
<arguments>
<arg>0.5</arg>
</arguments>
<status status="PASS" starttime="20200408 02:43:24.981" endtime="20200408 02:43:24.981"></status>
</kw>
<status status="PASS" starttime="20200408 02:43:11.494" endtime="20200408 02:43:24.981"></status>
</kw>
<kw name="กรอก email และ password ถูก" library="keyword">
<kw name="Input Text" library="Selenium2Library">
<doc>Types the given ``text`` into the text field identified by ``locator``.</doc>
<arguments>
<arg>//*[@id="email"]</arg>
<arg>${EMAIL}</arg>
</arguments>
<msg timestamp="20200408 02:43:24.983" level="INFO">Typing text 'museum20@hotmail.com' into text field '//*[@id="email"]'.</msg>
<status status="PASS" starttime="20200408 02:43:24.982" endtime="20200408 02:43:26.656"></status>
</kw>
<kw name="Input Password" library="Selenium2Library">
<doc>Types the given password into the text field identified by ``locator``.</doc>
<arguments>
<arg>//*[@id="password"]</arg>
<arg>${PASSWORD}</arg>
</arguments>
<msg timestamp="20200408 02:43:26.656" level="INFO">Typing password into text field '//*[@id="password"]'.</msg>
<msg timestamp="20200408 02:43:27.713" level="INFO">Temporally setting log level to: NONE</msg>
<msg timestamp="20200408 02:43:28.283" level="INFO">Log level changed from NONE to INFO.</msg>
<status status="PASS" starttime="20200408 02:43:26.656" endtime="20200408 02:43:28.283"></status>
</kw>
<status status="PASS" starttime="20200408 02:43:24.982" endtime="20200408 02:43:28.284"></status>
</kw>
<kw name="คลิกปุ่มเข้าสู่ระบบ" library="keyword">
<kw name="Submit Form" library="Selenium2Library">
<doc>Submits a form identified by ``locator``.</doc>
<msg timestamp="20200408 02:43:28.286" level="INFO">Submitting form 'None'.</msg>
<status status="PASS" starttime="20200408 02:43:28.286" endtime="20200408 02:43:31.547"></status>
</kw>
<status status="PASS" starttime="20200408 02:43:28.285" endtime="20200408 02:43:31.547"></status>
</kw>
<kw name="คลิกเมนูเพิ่มชุดข้อมูล" library="keyword">
<kw name="Click Element" library="Selenium2Library">
<doc>Click the element identified by ``locator``.</doc>
<arguments>
<arg>//*[@id="sidebar"]/ul/li[3]/a</arg>
</arguments>
<msg timestamp="20200408 02:43:31.549" level="INFO">Clicking element '//*[@id="sidebar"]/ul/li[3]/a'.</msg>
<status status="PASS" starttime="20200408 02:43:31.548" endtime="20200408 02:43:32.635"></status>
</kw>
<kw name="Click Element" library="Selenium2Library">
<doc>Click the element identified by ``locator``.</doc>
<arguments>
<arg>//*[@id="menu2"]/a</arg>
</arguments>
<msg timestamp="20200408 02:43:32.635" level="INFO">Clicking element '//*[@id="menu2"]/a'.</msg>
<status status="PASS" starttime="20200408 02:43:32.635" endtime="20200408 02:43:35.043"></status>
</kw>
<status status="PASS" starttime="20200408 02:43:31.548" endtime="20200408 02:43:35.043"></status>
</kw>
<kw name="ไม่เลือกเกม" library="keyword">
<kw name="Select From List By Label" library="Selenium2Library">
<doc>Selects options from selection list ``locator`` by ``labels``.</doc>
<arguments>
<arg>//*[@id="games"]</arg>
<arg>${์SELECT_NOT_GAME}</arg>
</arguments>
<msg timestamp="20200408 02:43:35.044" level="INFO">Selecting options from selection list '//*[@id="games"]' by label -- เลือกข้อมูล --.</msg>
<status status="PASS" starttime="20200408 02:43:35.044" endtime="20200408 02:43:38.512"></status>
</kw>
<status status="PASS" starttime="20200408 02:43:35.043" endtime="20200408 02:43:38.512"></status>
</kw>
<kw name="เพิ่มชุดข้อมูล 8 ข้อมูล" library="keyword">
<kw name="${INDEX} IN RANGE [ 1 | 9 ]" type="for">
<kw name="${INDEX} = 1" type="foritem">
<kw name="Click Element" library="Selenium2Library">
<doc>Click the element identified by ``locator``.</doc>
<arguments>
<arg>xpath=(//input[@type='checkbox'])[${INDEX}]</arg>
</arguments>
<msg timestamp="20200408 02:43:38.515" level="INFO">Clicking element 'xpath=(//input[@type='checkbox'])[1]'.</msg>
<status status="PASS" starttime="20200408 02:43:38.515" endtime="20200408 02:43:39.613"></status>
</kw>
<status status="PASS" starttime="20200408 02:43:38.515" endtime="20200408 02:43:39.613"></status>
</kw>
<kw name="${INDEX} = 2" type="foritem">
<kw name="Click Element" library="Selenium2Library">
<doc>Click the element identified by ``locator``.</doc>
<arguments>
<arg>xpath=(//input[@type='checkbox'])[${INDEX}]</arg>
</arguments>
<msg timestamp="20200408 02:43:39.613" level="INFO">Clicking element 'xpath=(//input[@type='checkbox'])[2]'.</msg>
<status status="PASS" starttime="20200408 02:43:39.613" endtime="20200408 02:43:40.683"></status>
</kw>
<status status="PASS" starttime="20200408 02:43:39.613" endtime="20200408 02:43:40.683"></status>
</kw>
<kw name="${INDEX} = 3" type="foritem">
<kw name="Click Element" library="Selenium2Library">
<doc>Click the element identified by ``locator``.</doc>
<arguments>
<arg>xpath=(//input[@type='checkbox'])[${INDEX}]</arg>
</arguments>
<msg timestamp="20200408 02:43:40.684" level="INFO">Clicking element 'xpath=(//input[@type='checkbox'])[3]'.</msg>
<status status="PASS" starttime="20200408 02:43:40.683" endtime="20200408 02:43:41.763"></status>
</kw>
<status status="PASS" starttime="20200408 02:43:40.683" endtime="20200408 02:43:41.763"></status>
</kw>
<kw name="${INDEX} = 4" type="foritem">
<kw name="Click Element" library="Selenium2Library">
<doc>Click the element identified by ``locator``.</doc>
<arguments>
<arg>xpath=(//input[@type='checkbox'])[${INDEX}]</arg>
</arguments>
<msg timestamp="20200408 02:43:41.764" level="INFO">Clicking element 'xpath=(//input[@type='checkbox'])[4]'.</msg>
<status status="PASS" starttime="20200408 02:43:41.764" endtime="20200408 02:43:42.854"></status>
</kw>
<status status="PASS" starttime="20200408 02:43:41.763" endtime="20200408 02:43:42.854"></status>
</kw>
<kw name="${INDEX} = 5" type="foritem">
<kw name="Click Element" library="Selenium2Library">
<doc>Click the element identified by ``locator``.</doc>
<arguments>
<arg>xpath=(//input[@type='checkbox'])[${INDEX}]</arg>
</arguments>
<msg timestamp="20200408 02:43:42.854" level="INFO">Clicking element 'xpath=(//input[@type='checkbox'])[5]'.</msg>
<status status="PASS" starttime="20200408 02:43:42.854" endtime="20200408 02:43:43.950"></status>
</kw>
<status status="PASS" starttime="20200408 02:43:42.854" endtime="20200408 02:43:43.950"></status>
</kw>
<kw name="${INDEX} = 6" type="foritem">
<kw name="Click Element" library="Selenium2Library">
<doc>Click the element identified by ``locator``.</doc>
<arguments>
<arg>xpath=(//input[@type='checkbox'])[${INDEX}]</arg>
</arguments>
<msg timestamp="20200408 02:43:43.950" level="INFO">Clicking element 'xpath=(//input[@type='checkbox'])[6]'.</msg>
<status status="PASS" starttime="20200408 02:43:43.950" endtime="20200408 02:43:45.062"></status>
</kw>
<status status="PASS" starttime="20200408 02:43:43.950" endtime="20200408 02:43:45.062"></status>
</kw>
<kw name="${INDEX} = 7" type="foritem">
<kw name="Click Element" library="Selenium2Library">
<doc>Click the element identified by ``locator``.</doc>
<arguments>
<arg>xpath=(//input[@type='checkbox'])[${INDEX}]</arg>
</arguments>
<msg timestamp="20200408 02:43:45.064" level="INFO">Clicking element 'xpath=(//input[@type='checkbox'])[7]'.</msg>
<status status="PASS" starttime="20200408 02:43:45.062" endtime="20200408 02:43:46.152"></status>
</kw>
<status status="PASS" starttime="20200408 02:43:45.062" endtime="20200408 02:43:46.152"></status>
</kw>
<kw name="${INDEX} = 8" type="foritem">
<kw name="Click Element" library="Selenium2Library">
<doc>Click the element identified by ``locator``.</doc>
<arguments>
<arg>xpath=(//input[@type='checkbox'])[${INDEX}]</arg>
</arguments>
<msg timestamp="20200408 02:43:46.154" level="INFO">Clicking element 'xpath=(//input[@type='checkbox'])[8]'.</msg>
<status status="PASS" starttime="20200408 02:43:46.153" endtime="20200408 02:43:47.227"></status>
</kw>
<status status="PASS" starttime="20200408 02:43:46.152" endtime="20200408 02:43:47.227"></status>
</kw>
<status status="PASS" starttime="20200408 02:43:38.514" endtime="20200408 02:43:47.227"></status>
</kw>
<status status="PASS" starttime="20200408 02:43:38.514" endtime="20200408 02:43:47.227"></status>
</kw>
<kw name="คลิกปุ่มบันทึก" library="keyword">
<kw name="Click Button" library="Selenium2Library">
<doc>Clicks the button identified by ``locator``.</doc>
<arguments>
<arg>//*[@id="submit_add"]</arg>
</arguments>
<msg timestamp="20200408 02:43:47.228" level="INFO">Clicking button '//*[@id="submit_add"]'.</msg>
<status status="PASS" starttime="20200408 02:43:47.228" endtime="20200408 02:43:50.104"></status>
</kw>
<status status="PASS" starttime="20200408 02:43:47.228" endtime="20200408 02:43:50.104"></status>
</kw>
<kw name="Close Browser" library="Selenium2Library" type="teardown">
<doc>Closes the current browser.</doc>
<status status="PASS" starttime="20200408 02:43:50.106" endtime="20200408 02:43:52.704"></status>
</kw>
<status status="PASS" starttime="20200408 02:43:11.482" endtime="20200408 02:43:52.705" critical="yes"></status>
</test>
<test id="s1-t12" name="สร้างเกมสำเร็จ">
<kw name="เปิดเว็บ Profile" library="keyword">
<kw name="Open Browser" library="Selenium2Library">
<doc>Opens a new browser instance to the optional ``url``.</doc>
<arguments>
<arg>${SERVER}</arg>
<arg>${ฺBROWSER}</arg>
</arguments>
<msg timestamp="20200408 02:43:52.714" level="INFO">Opening browser 'chrome' to base url 'http://localhost/cultural_playground_management/'.</msg>
<status status="PASS" starttime="20200408 02:43:52.714" endtime="20200408 02:44:01.214"></status>
</kw>
<kw name="Maximize Browser Window" library="Selenium2Library">
<doc>Maximizes current browser window.</doc>
<status status="PASS" starttime="20200408 02:44:01.215" endtime="20200408 02:44:05.849"></status>
</kw>
<kw name="Set Selenium Speed" library="Selenium2Library">
<doc>Sets the delay that is waited after each Selenium command.</doc>
<arguments>
<arg>0.5</arg>
</arguments>
<status status="PASS" starttime="20200408 02:44:05.850" endtime="20200408 02:44:05.851"></status>
</kw>
<status status="PASS" starttime="20200408 02:43:52.713" endtime="20200408 02:44:05.851"></status>
</kw>
<kw name="กรอก email และ password ถูก" library="keyword">
<kw name="Input Text" library="Selenium2Library">
<doc>Types the given ``text`` into the text field identified by ``locator``.</doc>
<arguments>
<arg>//*[@id="email"]</arg>
<arg>${EMAIL}</arg>
</arguments>
<msg timestamp="20200408 02:44:05.853" level="INFO">Typing text 'museum20@hotmail.com' into text field '//*[@id="email"]'.</msg>
<status status="PASS" starttime="20200408 02:44:05.853" endtime="20200408 02:44:07.597"></status>
</kw>
<kw name="Input Password" library="Selenium2Library">
<doc>Types the given password into the text field identified by ``locator``.</doc>
<arguments>
<arg>//*[@id="password"]</arg>
<arg>${PASSWORD}</arg>
</arguments>
<msg timestamp="20200408 02:44:07.598" level="INFO">Typing password into text field '//*[@id="password"]'.</msg>
<msg timestamp="20200408 02:44:08.680" level="INFO">Temporally setting log level to: NONE</msg>
<msg timestamp="20200408 02:44:09.271" level="INFO">Log level changed from NONE to INFO.</msg>
<status status="PASS" starttime="20200408 02:44:07.597" endtime="20200408 02:44:09.272"></status>
</kw>
<status status="PASS" starttime="20200408 02:44:05.852" endtime="20200408 02:44:09.273"></status>
</kw>
<kw name="คลิกปุ่มเข้าสู่ระบบ" library="keyword">
<kw name="Submit Form" library="Selenium2Library">
<doc>Submits a form identified by ``locator``.</doc>
<msg timestamp="20200408 02:44:09.275" level="INFO">Submitting form 'None'.</msg>
<status status="PASS" starttime="20200408 02:44:09.275" endtime="20200408 02:44:12.696"></status>
</kw>
<status status="PASS" starttime="20200408 02:44:09.274" endtime="20200408 02:44:12.696"></status>
</kw>
<kw name="คลิกเมนูสร้างเกม" library="keyword">
<kw name="Click Element" library="Selenium2Library">
<doc>Click the element identified by ``locator``.</doc>
<arguments>
<arg>//*[@id="sidebar"]/ul/li[4]/a</arg>
</arguments>
<msg timestamp="20200408 02:44:12.698" level="INFO">Clicking element '//*[@id="sidebar"]/ul/li[4]/a'.</msg>
<status status="PASS" starttime="20200408 02:44:12.698" endtime="20200408 02:44:15.463"></status>
</kw>
<status status="PASS" starttime="20200408 02:44:12.697" endtime="20200408 02:44:15.463"></status>
</kw>
<kw name="ค้นหาชุดข้อมูลอขงเกม" library="keyword">
<kw name="Select From List By Label" library="Selenium2Library">
<doc>Selects options from selection list ``locator`` by ``labels``.</doc>
<arguments>
<arg>//*[@id="games"]</arg>
<arg>${SELECT_GAME}</arg>
</arguments>
<msg timestamp="20200408 02:44:15.466" level="INFO">Selecting options from selection list '//*[@id="games"]' by label Matching Game.</msg>
<status status="PASS" starttime="20200408 02:44:15.466" endtime="20200408 02:44:19.441"></status>
</kw>
<kw name="Click Button" library="Selenium2Library">
<doc>Clicks the button identified by ``locator``.</doc>
<arguments>
<arg>//*[@id="search_game"]</arg>
</arguments>
<msg timestamp="20200408 02:44:19.441" level="INFO">Clicking button '//*[@id="search_game"]'.</msg>
<status status="PASS" starttime="20200408 02:44:19.441" endtime="20200408 02:44:22.045"></status>
</kw>
<status status="PASS" starttime="20200408 02:44:15.464" endtime="20200408 02:44:22.045"></status>
</kw>
<kw name="เลือกชุดข้อมูล" library="keyword">
<kw name="Click Element" library="Selenium2Library">
<doc>Click the element identified by ``locator``.</doc>
<arguments>
<arg>xpath=(/html/body/div/div/div/div[1]/div[3]/div[1]/div/div/div/button[1])</arg>
</arguments>
<msg timestamp="20200408 02:44:22.046" level="INFO">Clicking element 'xpath=(/html/body/div/div/div/div[1]/div[3]/div[1]/div/div/div/button[1])'.</msg>
<status status="PASS" starttime="20200408 02:44:22.046" endtime="20200408 02:44:23.110"></status>
</kw>
<status status="PASS" starttime="20200408 02:44:22.045" endtime="20200408 02:44:23.110"></status>
</kw>
<kw name="Close Browser" library="Selenium2Library" type="teardown">
<doc>Closes the current browser.</doc>
<status status="PASS" starttime="20200408 02:44:23.111" endtime="20200408 02:44:25.682"></status>
</kw>
<status status="PASS" starttime="20200408 02:43:52.710" endtime="20200408 02:44:25.682" critical="yes"></status>
</test>
<test id="s1-t13" name="ลบชุดข้อมูลสำเร็จ">
<kw name="เปิดเว็บ Profile" library="keyword">
<kw name="Open Browser" library="Selenium2Library">
<doc>Opens a new browser instance to the optional ``url``.</doc>
<arguments>
<arg>${SERVER}</arg>
<arg>${ฺBROWSER}</arg>
</arguments>
<msg timestamp="20200408 02:44:25.688" level="INFO">Opening browser 'chrome' to base url 'http://localhost/cultural_playground_management/'.</msg>
<status status="PASS" starttime="20200408 02:44:25.687" endtime="20200408 02:44:34.332"></status>
</kw>
<kw name="Maximize Browser Window" library="Selenium2Library">
<doc>Maximizes current browser window.</doc>
<status status="PASS" starttime="20200408 02:44:34.332" endtime="20200408 02:44:38.969"></status>
</kw>
<kw name="Set Selenium Speed" library="Selenium2Library">
<doc>Sets the delay that is waited after each Selenium command.</doc>
<arguments>
<arg>0.5</arg>
</arguments>
<status status="PASS" starttime="20200408 02:44:38.969" endtime="20200408 02:44:38.970"></status>
</kw>
<status status="PASS" starttime="20200408 02:44:25.687" endtime="20200408 02:44:38.971"></status>
</kw>
<kw name="กรอก email และ password ถูก" library="keyword">
<kw name="Input Text" library="Selenium2Library">
<doc>Types the given ``text`` into the text field identified by ``locator``.</doc>
<arguments>
<arg>//*[@id="email"]</arg>
<arg>${EMAIL}</arg>
</arguments>
<msg timestamp="20200408 02:44:38.973" level="INFO">Typing text 'museum20@hotmail.com' into text field '//*[@id="email"]'.</msg>
<status status="PASS" starttime="20200408 02:44:38.972" endtime="20200408 02:44:40.665"></status>
</kw>
<kw name="Input Password" library="Selenium2Library">
<doc>Types the given password into the text field identified by ``locator``.</doc>
<arguments>
<arg>//*[@id="password"]</arg>
<arg>${PASSWORD}</arg>
</arguments>
<msg timestamp="20200408 02:44:40.665" level="INFO">Typing password into text field '//*[@id="password"]'.</msg>
<msg timestamp="20200408 02:44:41.726" level="INFO">Temporally setting log level to: NONE</msg>
<msg timestamp="20200408 02:44:42.293" level="INFO">Log level changed from NONE to INFO.</msg>
<status status="PASS" starttime="20200408 02:44:40.665" endtime="20200408 02:44:42.293"></status>
</kw>
<status status="PASS" starttime="20200408 02:44:38.972" endtime="20200408 02:44:42.293"></status>
</kw>
<kw name="คลิกปุ่มเข้าสู่ระบบ" library="keyword">
<kw name="Submit Form" library="Selenium2Library">
<doc>Submits a form identified by ``locator``.</doc>
<msg timestamp="20200408 02:44:42.295" level="INFO">Submitting form 'None'.</msg>
<status status="PASS" starttime="20200408 02:44:42.294" endtime="20200408 02:44:45.643"></status>
</kw>
<status status="PASS" starttime="20200408 02:44:42.294" endtime="20200408 02:44:45.643"></status>
</kw>
<kw name="คลิกเมนูลบชุดข้อมูล" library="keyword">
<kw name="Click Element" library="Selenium2Library">
<doc>Click the element identified by ``locator``.</doc>
<arguments>
<arg>//*[@id="sidebar"]/ul/li[3]/a</arg>
</arguments>
<msg timestamp="20200408 02:44:45.645" level="INFO">Clicking element '//*[@id="sidebar"]/ul/li[3]/a'.</msg>
<status status="PASS" starttime="20200408 02:44:45.644" endtime="20200408 02:44:46.754"></status>
</kw>
<kw name="Click Element" library="Selenium2Library">
<doc>Click the element identified by ``locator``.</doc>
<arguments>
<arg>//*[@id="menu3"]/a</arg>
</arguments>
<msg timestamp="20200408 02:44:46.754" level="INFO">Clicking element '//*[@id="menu3"]/a'.</msg>
<status status="PASS" starttime="20200408 02:44:46.754" endtime="20200408 02:44:49.343"></status>
</kw>
<status status="PASS" starttime="20200408 02:44:45.644" endtime="20200408 02:44:49.343"></status>
</kw>
<kw name="ค้นหาชุดข้อมูลอขงเกม" library="keyword">
<kw name="Select From List By Label" library="Selenium2Library">
<doc>Selects options from selection list ``locator`` by ``labels``.</doc>
<arguments>
<arg>//*[@id="games"]</arg>
<arg>${SELECT_GAME}</arg>
</arguments>
<msg timestamp="20200408 02:44:49.345" level="INFO">Selecting options from selection list '//*[@id="games"]' by label Matching Game.</msg>
<status status="PASS" starttime="20200408 02:44:49.345" endtime="20200408 02:44:53.193"></status>
</kw>
<kw name="Click Button" library="Selenium2Library">
<doc>Clicks the button identified by ``locator``.</doc>
<arguments>
<arg>//*[@id="search_game"]</arg>
</arguments>
<msg timestamp="20200408 02:44:53.193" level="INFO">Clicking button '//*[@id="search_game"]'.</msg>
<status status="PASS" starttime="20200408 02:44:53.193" endtime="20200408 02:44:55.792"></status>
</kw>
<status status="PASS" starttime="20200408 02:44:49.344" endtime="20200408 02:44:55.792"></status>
</kw>
<kw name="เลือกชุดข้อมูล" library="keyword">
<kw name="Click Element" library="Selenium2Library">
<doc>Click the element identified by ``locator``.</doc>
<arguments>
<arg>xpath=(/html/body/div/div/div/div[1]/div[3]/div[1]/div/div/div/button[1])</arg>
</arguments>
<msg timestamp="20200408 02:44:55.793" level="INFO">Clicking element 'xpath=(/html/body/div/div/div/div[1]/div[3]/div[1]/div/div/div/button[1])'.</msg>
<status status="PASS" starttime="20200408 02:44:55.793" endtime="20200408 02:44:56.866"></status>
</kw>
<status status="PASS" starttime="20200408 02:44:55.792" endtime="20200408 02:44:56.867"></status>
</kw>
<kw name="Close Browser" library="Selenium2Library" type="teardown">
<doc>Closes the current browser.</doc>
<status status="PASS" starttime="20200408 02:44:56.868" endtime="20200408 02:44:59.443"></status>
</kw>
<status status="PASS" starttime="20200408 02:44:25.684" endtime="20200408 02:44:59.444" critical="yes"></status>
</test>
<status status="PASS" starttime="20200408 02:38:49.121" endtime="20200408 02:44:59.451"></status>
</suite>
<statistics>
<total>
<stat pass="13" fail="0">Critical Tests</stat>
<stat pass="13" fail="0">All Tests</stat>
</total>
<tag>
</tag>
<suite>
<stat pass="13" fail="0" id="s1" name="Index">Index</stat>
</suite>
</statistics>
<errors>
</errors>
</robot>
